<?xml version="1.0" encoding="UTF-8"?>
<testsuite name="com.hunmin.domain.service.NoticeServiceTest" tests="1" skipped="0" failures="0" errors="0" timestamp="2024-09-27T01:51:02" hostname="BOOK-1VEBLMLNOK" time="1.286">
  <properties/>
  <testcase name="관리자만 삭제, 유저가 삭제시 예외발생" classname="com.hunmin.domain.service.NoticeServiceTest" time="1.286"/>
  <system-out><![CDATA[10:50:50.691 [Test worker] INFO org.springframework.test.context.support.AnnotationConfigContextLoaderUtils -- Could not detect default configuration classes for test class [com.hunmin.domain.service.NoticeServiceTest]: NoticeServiceTest does not declare any static, non-private, non-final, nested classes annotated with @Configuration.
10:50:50.892 [Test worker] INFO org.springframework.boot.test.context.SpringBootTestContextBootstrapper -- Found @SpringBootConfiguration com.hunmin.HunminApplication for test class com.hunmin.domain.service.NoticeServiceTest

  .   ____          _            __ _ _
 /\\ / ___'_ __ _ _(_)_ __  __ _ \ \ \ \
( ( )\___ | '_ | '_| | '_ \/ _` | \ \ \ \
 \\/  ___)| |_)| | | | | || (_| |  ) ) ) )
  '  |____| .__|_| |_|_| |_\__, | / / / /
 =========|_|==============|___/=/_/_/_/

?[32m :: Spring Boot :: ?[39m              ?[2m (v3.3.4)?[0;39m

?[2m2024-09-27T10:50:51.629+09:00?[0;39m ?[32m INFO?[0;39m ?[35m25424?[0;39m ?[2m---?[0;39m ?[2m[hunmin] [    Test worker]?[0;39m ?[2m?[0;39m?[36mc.h.domain.service.NoticeServiceTest    ?[0;39m ?[2m:?[0;39m Starting NoticeServiceTest using Java 17.0.9 with PID 25424 (started by kd690 in C:\dev\NBE2_2_Team7)
?[2m2024-09-27T10:50:51.633+09:00?[0;39m ?[32m INFO?[0;39m ?[35m25424?[0;39m ?[2m---?[0;39m ?[2m[hunmin] [    Test worker]?[0;39m ?[2m?[0;39m?[36mc.h.domain.service.NoticeServiceTest    ?[0;39m ?[2m:?[0;39m No active profile set, falling back to 1 default profile: "default"
?[2m2024-09-27T10:50:53.146+09:00?[0;39m ?[32m INFO?[0;39m ?[35m25424?[0;39m ?[2m---?[0;39m ?[2m[hunmin] [    Test worker]?[0;39m ?[2m?[0;39m?[36m.s.d.r.c.RepositoryConfigurationDelegate?[0;39m ?[2m:?[0;39m Bootstrapping Spring Data JPA repositories in DEFAULT mode.
?[2m2024-09-27T10:50:53.339+09:00?[0;39m ?[32m INFO?[0;39m ?[35m25424?[0;39m ?[2m---?[0;39m ?[2m[hunmin] [    Test worker]?[0;39m ?[2m?[0;39m?[36m.s.d.r.c.RepositoryConfigurationDelegate?[0;39m ?[2m:?[0;39m Finished Spring Data repository scanning in 171 ms. Found 4 JPA repository interfaces.
?[2m2024-09-27T10:50:54.650+09:00?[0;39m ?[32m INFO?[0;39m ?[35m25424?[0;39m ?[2m---?[0;39m ?[2m[hunmin] [    Test worker]?[0;39m ?[2m?[0;39m?[36mo.hibernate.jpa.internal.util.LogHelper ?[0;39m ?[2m:?[0;39m HHH000204: Processing PersistenceUnitInfo [name: default]
?[2m2024-09-27T10:50:54.762+09:00?[0;39m ?[32m INFO?[0;39m ?[35m25424?[0;39m ?[2m---?[0;39m ?[2m[hunmin] [    Test worker]?[0;39m ?[2m?[0;39m?[36morg.hibernate.Version                   ?[0;39m ?[2m:?[0;39m HHH000412: Hibernate ORM core version 6.5.3.Final
?[2m2024-09-27T10:50:54.845+09:00?[0;39m ?[32m INFO?[0;39m ?[35m25424?[0;39m ?[2m---?[0;39m ?[2m[hunmin] [    Test worker]?[0;39m ?[2m?[0;39m?[36mo.h.c.internal.RegionFactoryInitiator   ?[0;39m ?[2m:?[0;39m HHH000026: Second-level cache disabled
?[2m2024-09-27T10:50:55.436+09:00?[0;39m ?[32m INFO?[0;39m ?[35m25424?[0;39m ?[2m---?[0;39m ?[2m[hunmin] [    Test worker]?[0;39m ?[2m?[0;39m?[36mo.s.o.j.p.SpringPersistenceUnitInfo     ?[0;39m ?[2m:?[0;39m No LoadTimeWeaver setup: ignoring JPA class transformer
?[2m2024-09-27T10:50:55.486+09:00?[0;39m ?[32m INFO?[0;39m ?[35m25424?[0;39m ?[2m---?[0;39m ?[2m[hunmin] [    Test worker]?[0;39m ?[2m?[0;39m?[36mcom.zaxxer.hikari.HikariDataSource      ?[0;39m ?[2m:?[0;39m HikariPool-1 - Starting...
?[2m2024-09-27T10:50:56.171+09:00?[0;39m ?[32m INFO?[0;39m ?[35m25424?[0;39m ?[2m---?[0;39m ?[2m[hunmin] [    Test worker]?[0;39m ?[2m?[0;39m?[36mcom.zaxxer.hikari.pool.HikariPool       ?[0;39m ?[2m:?[0;39m HikariPool-1 - Added connection com.mysql.cj.jdbc.ConnectionImpl@50b38342
?[2m2024-09-27T10:50:56.175+09:00?[0;39m ?[32m INFO?[0;39m ?[35m25424?[0;39m ?[2m---?[0;39m ?[2m[hunmin] [    Test worker]?[0;39m ?[2m?[0;39m?[36mcom.zaxxer.hikari.HikariDataSource      ?[0;39m ?[2m:?[0;39m HikariPool-1 - Start completed.
?[2m2024-09-27T10:50:58.271+09:00?[0;39m ?[32m INFO?[0;39m ?[35m25424?[0;39m ?[2m---?[0;39m ?[2m[hunmin] [    Test worker]?[0;39m ?[2m?[0;39m?[36mo.h.e.t.j.p.i.JtaPlatformInitiator      ?[0;39m ?[2m:?[0;39m HHH000489: No JTA platform available (set 'hibernate.transaction.jta.platform' to enable JTA platform integration)
Hibernate: 
    alter table board 
       drop 
       foreign key FKsds8ox89wwf6aihinar49rmfy
Hibernate: 
    alter table chat_messages 
       drop 
       foreign key FKsxvml27k7t9fr1jovunp89mn6
Hibernate: 
    alter table chat_messages 
       drop 
       foreign key FKl76gdexyj9p5o4wmts9hx7muw
Hibernate: 
    alter table chat_room 
       drop 
       foreign key FK6x6htd2o9ba2r2wcrs72qau17
Hibernate: 
    alter table comment 
       drop 
       foreign key FKlij9oor1nav89jeat35s6kbp1
Hibernate: 
    alter table comment 
       drop 
       foreign key FKmrrrpi513ssu63i2783jyiv9m
Hibernate: 
    alter table comment 
       drop 
       foreign key FKde3rfu96lep00br5ov0mdieyt
Hibernate: 
    alter table member_word 
       drop 
       foreign key FKig5ry7f448n5chtogxthsqy9m
Hibernate: 
    alter table member_word 
       drop 
       foreign key FKe1gj2fgmm6r1vbg9k4881hj1o
Hibernate: 
    alter table notice 
       drop 
       foreign key FKnriaekshh15qoqnlhvqkj931e
Hibernate: 
    alter table notification 
       drop 
       foreign key FK1xep8o2ge7if6diclyyx53v4q
Hibernate: 
    drop table if exists board
Hibernate: 
    drop table if exists chat_messages
Hibernate: 
    drop table if exists chat_room
Hibernate: 
    drop table if exists comment
Hibernate: 
    drop table if exists member
Hibernate: 
    drop table if exists member_word
Hibernate: 
    drop table if exists notice
Hibernate: 
    drop table if exists notification
Hibernate: 
    drop table if exists word
Hibernate: 
    create table board (
        latitude float(53),
        longitude float(53),
        board_id bigint not null auto_increment,
        created_at datetime(6) not null,
        member_id bigint,
        updated_at datetime(6),
        content varchar(255) not null,
        location varchar(255),
        nickname varchar(255) not null,
        title varchar(255) not null,
        primary key (board_id)
    ) engine=InnoDB
Hibernate: 
    create table chat_messages (
        is_read bit not null,
        chat_message_id bigint not null auto_increment,
        chat_room_id bigint,
        created_at datetime(6) not null,
        member_id bigint,
        updated_at datetime(6),
        message varchar(255) not null,
        primary key (chat_message_id)
    ) engine=InnoDB
Hibernate: 
    create table chat_room (
        chat_room_id bigint not null auto_increment,
        created_at datetime(6) not null,
        member_id bigint,
        updated_at datetime(6),
        primary key (chat_room_id)
    ) engine=InnoDB
Hibernate: 
    create table comment (
        board_id bigint,
        comment_id bigint not null auto_increment,
        created_at datetime(6) not null,
        member_id bigint,
        parent_id bigint,
        updated_at datetime(6),
        content varchar(255),
        primary key (comment_id)
    ) engine=InnoDB
Hibernate: 
    create table member (
        created_at datetime(6) not null,
        member_id bigint not null auto_increment,
        updated_at datetime(6),
        country varchar(255) not null,
        email varchar(255) not null,
        image varchar(255),
        level varchar(255) not null,
        nickname varchar(255) not null,
        password varchar(255) not null,
        member_role enum ('ADMIN','USER'),
        primary key (member_id)
    ) engine=InnoDB
Hibernate: 
    create table member_word (
        created_at datetime(6) not null,
        member_id bigint,
        member_word_id bigint not null auto_increment,
        updated_at datetime(6),
        word_id bigint,
        primary key (member_word_id)
    ) engine=InnoDB
Hibernate: 
    create table notice (
        created_at datetime(6) not null,
        member_id bigint,
        notice_id bigint not null auto_increment,
        updated_at datetime(6),
        content varchar(255) not null,
        title varchar(255) not null,
        primary key (notice_id)
    ) engine=InnoDB
Hibernate: 
    create table notification (
        created_at datetime(6) not null,
        member_id bigint,
        notification_id bigint not null auto_increment,
        updated_at datetime(6),
        message varchar(255) not null,
        notification_type enum ('CHAT','COMMENT') not null,
        primary key (notification_id)
    ) engine=InnoDB
Hibernate: 
    create table word (
        word_id bigint not null auto_increment,
        description varchar(255),
        lang varchar(255),
        title varchar(255),
        primary key (word_id)
    ) engine=InnoDB
Hibernate: 
    alter table board 
       add constraint FKsds8ox89wwf6aihinar49rmfy 
       foreign key (member_id) 
       references member (member_id)
Hibernate: 
    alter table chat_messages 
       add constraint FKsxvml27k7t9fr1jovunp89mn6 
       foreign key (chat_room_id) 
       references chat_room (chat_room_id)
Hibernate: 
    alter table chat_messages 
       add constraint FKl76gdexyj9p5o4wmts9hx7muw 
       foreign key (member_id) 
       references member (member_id)
Hibernate: 
    alter table chat_room 
       add constraint FK6x6htd2o9ba2r2wcrs72qau17 
       foreign key (member_id) 
       references member (member_id)
Hibernate: 
    alter table comment 
       add constraint FKlij9oor1nav89jeat35s6kbp1 
       foreign key (board_id) 
       references board (board_id)
Hibernate: 
    alter table comment 
       add constraint FKmrrrpi513ssu63i2783jyiv9m 
       foreign key (member_id) 
       references member (member_id)
Hibernate: 
    alter table comment 
       add constraint FKde3rfu96lep00br5ov0mdieyt 
       foreign key (parent_id) 
       references comment (comment_id)
Hibernate: 
    alter table member_word 
       add constraint FKig5ry7f448n5chtogxthsqy9m 
       foreign key (member_id) 
       references member (member_id)
Hibernate: 
    alter table member_word 
       add constraint FKe1gj2fgmm6r1vbg9k4881hj1o 
       foreign key (word_id) 
       references word (word_id)
Hibernate: 
    alter table notice 
       add constraint FKnriaekshh15qoqnlhvqkj931e 
       foreign key (member_id) 
       references member (member_id)
Hibernate: 
    alter table notification 
       add constraint FK1xep8o2ge7if6diclyyx53v4q 
       foreign key (member_id) 
       references member (member_id)
?[2m2024-09-27T10:50:59.293+09:00?[0;39m ?[32m INFO?[0;39m ?[35m25424?[0;39m ?[2m---?[0;39m ?[2m[hunmin] [    Test worker]?[0;39m ?[2m?[0;39m?[36mj.LocalContainerEntityManagerFactoryBean?[0;39m ?[2m:?[0;39m Initialized JPA EntityManagerFactory for persistence unit 'default'
?[2m2024-09-27T10:51:00.104+09:00?[0;39m ?[32m INFO?[0;39m ?[35m25424?[0;39m ?[2m---?[0;39m ?[2m[hunmin] [    Test worker]?[0;39m ?[2m?[0;39m?[36mo.s.d.j.r.query.QueryEnhancerFactory    ?[0;39m ?[2m:?[0;39m Hibernate is in classpath; If applicable, HQL parser will be used.
?[2m2024-09-27T10:51:01.866+09:00?[0;39m ?[33m WARN?[0;39m ?[35m25424?[0;39m ?[2m---?[0;39m ?[2m[hunmin] [    Test worker]?[0;39m ?[2m?[0;39m?[36mJpaBaseConfiguration$JpaWebConfiguration?[0;39m ?[2m:?[0;39m spring.jpa.open-in-view is enabled by default. Therefore, database queries may be performed during view rendering. Explicitly configure spring.jpa.open-in-view to disable this warning
?[2m2024-09-27T10:51:02.841+09:00?[0;39m ?[32m INFO?[0;39m ?[35m25424?[0;39m ?[2m---?[0;39m ?[2m[hunmin] [    Test worker]?[0;39m ?[2m?[0;39m?[36mc.h.domain.service.NoticeServiceTest    ?[0;39m ?[2m:?[0;39m Started NoticeServiceTest in 11.678 seconds (process running for 13.808)
Hibernate: 
    insert 
    into
        member
        (country, created_at, email, image, level, member_role, nickname, password, updated_at) 
    values
        (?, ?, ?, ?, ?, ?, ?, ?, ?)
Hibernate: 
    insert 
    into
        notice
        (content, created_at, member_id, title, updated_at) 
    values
        (?, ?, ?, ?, ?)
Hibernate: 
    insert 
    into
        member
        (country, created_at, email, image, level, member_role, nickname, password, updated_at) 
    values
        (?, ?, ?, ?, ?, ?, ?, ?, ?)
Hibernate: 
    insert 
    into
        notice
        (content, created_at, member_id, title, updated_at) 
    values
        (?, ?, ?, ?, ?)
Hibernate: 
    insert 
    into
        member
        (country, created_at, email, image, level, member_role, nickname, password, updated_at) 
    values
        (?, ?, ?, ?, ?, ?, ?, ?, ?)
Hibernate: 
    insert 
    into
        notice
        (content, created_at, member_id, title, updated_at) 
    values
        (?, ?, ?, ?, ?)
Hibernate: 
    insert 
    into
        member
        (country, created_at, email, image, level, member_role, nickname, password, updated_at) 
    values
        (?, ?, ?, ?, ?, ?, ?, ?, ?)
Hibernate: 
    insert 
    into
        notice
        (content, created_at, member_id, title, updated_at) 
    values
        (?, ?, ?, ?, ?)
Hibernate: 
    insert 
    into
        member
        (country, created_at, email, image, level, member_role, nickname, password, updated_at) 
    values
        (?, ?, ?, ?, ?, ?, ?, ?, ?)
Hibernate: 
    insert 
    into
        notice
        (content, created_at, member_id, title, updated_at) 
    values
        (?, ?, ?, ?, ?)
Hibernate: 
    insert 
    into
        member
        (country, created_at, email, image, level, member_role, nickname, password, updated_at) 
    values
        (?, ?, ?, ?, ?, ?, ?, ?, ?)
Hibernate: 
    insert 
    into
        notice
        (content, created_at, member_id, title, updated_at) 
    values
        (?, ?, ?, ?, ?)
Hibernate: 
    insert 
    into
        member
        (country, created_at, email, image, level, member_role, nickname, password, updated_at) 
    values
        (?, ?, ?, ?, ?, ?, ?, ?, ?)
Hibernate: 
    insert 
    into
        notice
        (content, created_at, member_id, title, updated_at) 
    values
        (?, ?, ?, ?, ?)
Hibernate: 
    insert 
    into
        member
        (country, created_at, email, image, level, member_role, nickname, password, updated_at) 
    values
        (?, ?, ?, ?, ?, ?, ?, ?, ?)
Hibernate: 
    insert 
    into
        notice
        (content, created_at, member_id, title, updated_at) 
    values
        (?, ?, ?, ?, ?)
Hibernate: 
    insert 
    into
        member
        (country, created_at, email, image, level, member_role, nickname, password, updated_at) 
    values
        (?, ?, ?, ?, ?, ?, ?, ?, ?)
Hibernate: 
    insert 
    into
        notice
        (content, created_at, member_id, title, updated_at) 
    values
        (?, ?, ?, ?, ?)
Hibernate: 
    insert 
    into
        member
        (country, created_at, email, image, level, member_role, nickname, password, updated_at) 
    values
        (?, ?, ?, ?, ?, ?, ?, ?, ?)
Hibernate: 
    insert 
    into
        notice
        (content, created_at, member_id, title, updated_at) 
    values
        (?, ?, ?, ?, ?)
Hibernate: 
    insert 
    into
        member
        (country, created_at, email, image, level, member_role, nickname, password, updated_at) 
    values
        (?, ?, ?, ?, ?, ?, ?, ?, ?)
Hibernate: 
    insert 
    into
        notice
        (content, created_at, member_id, title, updated_at) 
    values
        (?, ?, ?, ?, ?)
Hibernate: 
    insert 
    into
        member
        (country, created_at, email, image, level, member_role, nickname, password, updated_at) 
    values
        (?, ?, ?, ?, ?, ?, ?, ?, ?)
Hibernate: 
    insert 
    into
        notice
        (content, created_at, member_id, title, updated_at) 
    values
        (?, ?, ?, ?, ?)
Hibernate: 
    insert 
    into
        member
        (country, created_at, email, image, level, member_role, nickname, password, updated_at) 
    values
        (?, ?, ?, ?, ?, ?, ?, ?, ?)
Hibernate: 
    insert 
    into
        notice
        (content, created_at, member_id, title, updated_at) 
    values
        (?, ?, ?, ?, ?)
Hibernate: 
    insert 
    into
        member
        (country, created_at, email, image, level, member_role, nickname, password, updated_at) 
    values
        (?, ?, ?, ?, ?, ?, ?, ?, ?)
Hibernate: 
    insert 
    into
        notice
        (content, created_at, member_id, title, updated_at) 
    values
        (?, ?, ?, ?, ?)
Hibernate: 
    insert 
    into
        member
        (country, created_at, email, image, level, member_role, nickname, password, updated_at) 
    values
        (?, ?, ?, ?, ?, ?, ?, ?, ?)
Hibernate: 
    insert 
    into
        notice
        (content, created_at, member_id, title, updated_at) 
    values
        (?, ?, ?, ?, ?)
Hibernate: 
    insert 
    into
        member
        (country, created_at, email, image, level, member_role, nickname, password, updated_at) 
    values
        (?, ?, ?, ?, ?, ?, ?, ?, ?)
Hibernate: 
    insert 
    into
        notice
        (content, created_at, member_id, title, updated_at) 
    values
        (?, ?, ?, ?, ?)
Hibernate: 
    insert 
    into
        member
        (country, created_at, email, image, level, member_role, nickname, password, updated_at) 
    values
        (?, ?, ?, ?, ?, ?, ?, ?, ?)
Hibernate: 
    insert 
    into
        notice
        (content, created_at, member_id, title, updated_at) 
    values
        (?, ?, ?, ?, ?)
Hibernate: 
    insert 
    into
        member
        (country, created_at, email, image, level, member_role, nickname, password, updated_at) 
    values
        (?, ?, ?, ?, ?, ?, ?, ?, ?)
Hibernate: 
    insert 
    into
        notice
        (content, created_at, member_id, title, updated_at) 
    values
        (?, ?, ?, ?, ?)
Hibernate: 
    insert 
    into
        member
        (country, created_at, email, image, level, member_role, nickname, password, updated_at) 
    values
        (?, ?, ?, ?, ?, ?, ?, ?, ?)
Hibernate: 
    insert 
    into
        notice
        (content, created_at, member_id, title, updated_at) 
    values
        (?, ?, ?, ?, ?)
Hibernate: 
    insert 
    into
        member
        (country, created_at, email, image, level, member_role, nickname, password, updated_at) 
    values
        (?, ?, ?, ?, ?, ?, ?, ?, ?)
Hibernate: 
    insert 
    into
        notice
        (content, created_at, member_id, title, updated_at) 
    values
        (?, ?, ?, ?, ?)
Hibernate: 
    insert 
    into
        member
        (country, created_at, email, image, level, member_role, nickname, password, updated_at) 
    values
        (?, ?, ?, ?, ?, ?, ?, ?, ?)
Hibernate: 
    insert 
    into
        notice
        (content, created_at, member_id, title, updated_at) 
    values
        (?, ?, ?, ?, ?)
Hibernate: 
    insert 
    into
        member
        (country, created_at, email, image, level, member_role, nickname, password, updated_at) 
    values
        (?, ?, ?, ?, ?, ?, ?, ?, ?)
Hibernate: 
    insert 
    into
        notice
        (content, created_at, member_id, title, updated_at) 
    values
        (?, ?, ?, ?, ?)
Hibernate: 
    insert 
    into
        member
        (country, created_at, email, image, level, member_role, nickname, password, updated_at) 
    values
        (?, ?, ?, ?, ?, ?, ?, ?, ?)
Hibernate: 
    insert 
    into
        notice
        (content, created_at, member_id, title, updated_at) 
    values
        (?, ?, ?, ?, ?)
Hibernate: 
    insert 
    into
        member
        (country, created_at, email, image, level, member_role, nickname, password, updated_at) 
    values
        (?, ?, ?, ?, ?, ?, ?, ?, ?)
Hibernate: 
    insert 
    into
        notice
        (content, created_at, member_id, title, updated_at) 
    values
        (?, ?, ?, ?, ?)
Hibernate: 
    insert 
    into
        member
        (country, created_at, email, image, level, member_role, nickname, password, updated_at) 
    values
        (?, ?, ?, ?, ?, ?, ?, ?, ?)
Hibernate: 
    insert 
    into
        notice
        (content, created_at, member_id, title, updated_at) 
    values
        (?, ?, ?, ?, ?)
Hibernate: 
    insert 
    into
        member
        (country, created_at, email, image, level, member_role, nickname, password, updated_at) 
    values
        (?, ?, ?, ?, ?, ?, ?, ?, ?)
Hibernate: 
    insert 
    into
        notice
        (content, created_at, member_id, title, updated_at) 
    values
        (?, ?, ?, ?, ?)
Hibernate: 
    insert 
    into
        member
        (country, created_at, email, image, level, member_role, nickname, password, updated_at) 
    values
        (?, ?, ?, ?, ?, ?, ?, ?, ?)
Hibernate: 
    insert 
    into
        notice
        (content, created_at, member_id, title, updated_at) 
    values
        (?, ?, ?, ?, ?)
Hibernate: 
    insert 
    into
        member
        (country, created_at, email, image, level, member_role, nickname, password, updated_at) 
    values
        (?, ?, ?, ?, ?, ?, ?, ?, ?)
Hibernate: 
    insert 
    into
        notice
        (content, created_at, member_id, title, updated_at) 
    values
        (?, ?, ?, ?, ?)
Hibernate: 
    insert 
    into
        member
        (country, created_at, email, image, level, member_role, nickname, password, updated_at) 
    values
        (?, ?, ?, ?, ?, ?, ?, ?, ?)
Hibernate: 
    insert 
    into
        notice
        (content, created_at, member_id, title, updated_at) 
    values
        (?, ?, ?, ?, ?)
Hibernate: 
    insert 
    into
        member
        (country, created_at, email, image, level, member_role, nickname, password, updated_at) 
    values
        (?, ?, ?, ?, ?, ?, ?, ?, ?)
Hibernate: 
    insert 
    into
        notice
        (content, created_at, member_id, title, updated_at) 
    values
        (?, ?, ?, ?, ?)
Hibernate: 
    insert 
    into
        member
        (country, created_at, email, image, level, member_role, nickname, password, updated_at) 
    values
        (?, ?, ?, ?, ?, ?, ?, ?, ?)
Hibernate: 
    insert 
    into
        member
        (country, created_at, email, image, level, member_role, nickname, password, updated_at) 
    values
        (?, ?, ?, ?, ?, ?, ?, ?, ?)
Hibernate: 
    insert 
    into
        member
        (country, created_at, email, image, level, member_role, nickname, password, updated_at) 
    values
        (?, ?, ?, ?, ?, ?, ?, ?, ?)
Hibernate: 
    insert 
    into
        member
        (country, created_at, email, image, level, member_role, nickname, password, updated_at) 
    values
        (?, ?, ?, ?, ?, ?, ?, ?, ?)
Hibernate: 
    insert 
    into
        member
        (country, created_at, email, image, level, member_role, nickname, password, updated_at) 
    values
        (?, ?, ?, ?, ?, ?, ?, ?, ?)
Hibernate: 
    insert 
    into
        member
        (country, created_at, email, image, level, member_role, nickname, password, updated_at) 
    values
        (?, ?, ?, ?, ?, ?, ?, ?, ?)
Hibernate: 
    insert 
    into
        member
        (country, created_at, email, image, level, member_role, nickname, password, updated_at) 
    values
        (?, ?, ?, ?, ?, ?, ?, ?, ?)
Hibernate: 
    insert 
    into
        member
        (country, created_at, email, image, level, member_role, nickname, password, updated_at) 
    values
        (?, ?, ?, ?, ?, ?, ?, ?, ?)
Hibernate: 
    insert 
    into
        member
        (country, created_at, email, image, level, member_role, nickname, password, updated_at) 
    values
        (?, ?, ?, ?, ?, ?, ?, ?, ?)
Hibernate: 
    insert 
    into
        member
        (country, created_at, email, image, level, member_role, nickname, password, updated_at) 
    values
        (?, ?, ?, ?, ?, ?, ?, ?, ?)
Hibernate: 
    insert 
    into
        member
        (country, created_at, email, image, level, member_role, nickname, password, updated_at) 
    values
        (?, ?, ?, ?, ?, ?, ?, ?, ?)
Hibernate: 
    insert 
    into
        member
        (country, created_at, email, image, level, member_role, nickname, password, updated_at) 
    values
        (?, ?, ?, ?, ?, ?, ?, ?, ?)
Hibernate: 
    insert 
    into
        member
        (country, created_at, email, image, level, member_role, nickname, password, updated_at) 
    values
        (?, ?, ?, ?, ?, ?, ?, ?, ?)
Hibernate: 
    insert 
    into
        member
        (country, created_at, email, image, level, member_role, nickname, password, updated_at) 
    values
        (?, ?, ?, ?, ?, ?, ?, ?, ?)
Hibernate: 
    insert 
    into
        member
        (country, created_at, email, image, level, member_role, nickname, password, updated_at) 
    values
        (?, ?, ?, ?, ?, ?, ?, ?, ?)
Hibernate: 
    insert 
    into
        member
        (country, created_at, email, image, level, member_role, nickname, password, updated_at) 
    values
        (?, ?, ?, ?, ?, ?, ?, ?, ?)
Hibernate: 
    insert 
    into
        member
        (country, created_at, email, image, level, member_role, nickname, password, updated_at) 
    values
        (?, ?, ?, ?, ?, ?, ?, ?, ?)
Hibernate: 
    insert 
    into
        member
        (country, created_at, email, image, level, member_role, nickname, password, updated_at) 
    values
        (?, ?, ?, ?, ?, ?, ?, ?, ?)
Hibernate: 
    insert 
    into
        member
        (country, created_at, email, image, level, member_role, nickname, password, updated_at) 
    values
        (?, ?, ?, ?, ?, ?, ?, ?, ?)
Hibernate: 
    insert 
    into
        member
        (country, created_at, email, image, level, member_role, nickname, password, updated_at) 
    values
        (?, ?, ?, ?, ?, ?, ?, ?, ?)
]]></system-out>
  <system-err><![CDATA[]]></system-err>
</testsuite>
