<?xml version="1.0" encoding="UTF-8"?>
<testsuite name="com.hunmin.repository.CommentRepositoryTests" tests="1" skipped="0" failures="0" errors="0" timestamp="2024-09-25T03:22:55" hostname="kang-yejin-ui-MacBookAir.local" time="0.387">
  <properties/>
  <testcase name="testCreateCommentChildren()" classname="com.hunmin.repository.CommentRepositoryTests" time="0.387"/>
  <system-out><![CDATA[12:22:53.099 [Test worker] INFO org.springframework.test.context.support.AnnotationConfigContextLoaderUtils -- Could not detect default configuration classes for test class [com.hunmin.repository.CommentRepositoryTests]: CommentRepositoryTests does not declare any static, non-private, non-final, nested classes annotated with @Configuration.
12:22:53.162 [Test worker] INFO org.springframework.boot.test.context.SpringBootTestContextBootstrapper -- Found @SpringBootConfiguration com.hunmin.HunminApplication for test class com.hunmin.repository.CommentRepositoryTests

  .   ____          _            __ _ _
 /\\ / ___'_ __ _ _(_)_ __  __ _ \ \ \ \
( ( )\___ | '_ | '_| | '_ \/ _` | \ \ \ \
 \\/  ___)| |_)| | | | | || (_| |  ) ) ) )
  '  |____| .__|_| |_|_| |_\__, | / / / /
 =========|_|==============|___/=/_/_/_/

 :: Spring Boot ::                (v3.3.4)

2024-09-25T12:22:53.371+09:00  INFO 22669 --- [hunmin] [    Test worker] c.h.repository.CommentRepositoryTests    : Starting CommentRepositoryTests using Java 17.0.11 with PID 22669 (started by yejin in /Users/yejin/dev/workspace/hunmin)
2024-09-25T12:22:53.372+09:00  INFO 22669 --- [hunmin] [    Test worker] c.h.repository.CommentRepositoryTests    : The following 1 profile is active: "production"
2024-09-25T12:22:53.737+09:00  INFO 22669 --- [hunmin] [    Test worker] .s.d.r.c.RepositoryConfigurationDelegate : Bootstrapping Spring Data JPA repositories in DEFAULT mode.
2024-09-25T12:22:53.766+09:00  INFO 22669 --- [hunmin] [    Test worker] .s.d.r.c.RepositoryConfigurationDelegate : Finished Spring Data repository scanning in 25 ms. Found 3 JPA repository interfaces.
2024-09-25T12:22:54.043+09:00  INFO 22669 --- [hunmin] [    Test worker] o.hibernate.jpa.internal.util.LogHelper  : HHH000204: Processing PersistenceUnitInfo [name: default]
2024-09-25T12:22:54.075+09:00  INFO 22669 --- [hunmin] [    Test worker] org.hibernate.Version                    : HHH000412: Hibernate ORM core version 6.5.3.Final
2024-09-25T12:22:54.098+09:00  INFO 22669 --- [hunmin] [    Test worker] o.h.c.internal.RegionFactoryInitiator    : HHH000026: Second-level cache disabled
2024-09-25T12:22:54.257+09:00  INFO 22669 --- [hunmin] [    Test worker] o.s.o.j.p.SpringPersistenceUnitInfo      : No LoadTimeWeaver setup: ignoring JPA class transformer
2024-09-25T12:22:54.272+09:00  INFO 22669 --- [hunmin] [    Test worker] com.zaxxer.hikari.HikariDataSource       : HikariPool-1 - Starting...
2024-09-25T12:22:54.448+09:00  INFO 22669 --- [hunmin] [    Test worker] com.zaxxer.hikari.pool.HikariPool        : HikariPool-1 - Added connection com.mysql.cj.jdbc.ConnectionImpl@44a14de0
2024-09-25T12:22:54.449+09:00  INFO 22669 --- [hunmin] [    Test worker] com.zaxxer.hikari.HikariDataSource       : HikariPool-1 - Start completed.
2024-09-25T12:22:55.078+09:00  INFO 22669 --- [hunmin] [    Test worker] o.h.e.t.j.p.i.JtaPlatformInitiator       : HHH000489: No JTA platform available (set 'hibernate.transaction.jta.platform' to enable JTA platform integration)
2024-09-25T12:22:55.194+09:00  INFO 22669 --- [hunmin] [    Test worker] j.LocalContainerEntityManagerFactoryBean : Initialized JPA EntityManagerFactory for persistence unit 'default'
2024-09-25T12:22:55.326+09:00  INFO 22669 --- [hunmin] [    Test worker] o.s.d.j.r.query.QueryEnhancerFactory     : Hibernate is in classpath; If applicable, HQL parser will be used.
2024-09-25T12:22:55.632+09:00  WARN 22669 --- [hunmin] [    Test worker] JpaBaseConfiguration$JpaWebConfiguration : spring.jpa.open-in-view is enabled by default. Therefore, database queries may be performed during view rendering. Explicitly configure spring.jpa.open-in-view to disable this warning
2024-09-25T12:22:55.845+09:00  INFO 22669 --- [hunmin] [    Test worker] c.h.repository.CommentRepositoryTests    : Started CommentRepositoryTests in 2.596 seconds (process running for 3.189)
]]></system-out>
  <system-err><![CDATA[]]></system-err>
</testsuite>
